\BOOKMARK [1][-]{section.1}{Introduction}{}% 1
\BOOKMARK [1][-]{section.2}{Related work}{}% 2
\BOOKMARK [1][-]{section.3}{Background}{}% 3
\BOOKMARK [1][-]{section.4}{Method}{}% 4
\BOOKMARK [2][-]{subsection.4.1}{Interviews}{section.4}% 5
\BOOKMARK [3][-]{subsubsection.4.1.1}{Procedure}{subsection.4.1}% 6
\BOOKMARK [3][-]{subsubsection.4.1.2}{Recruitment}{subsection.4.1}% 7
\BOOKMARK [2][-]{subsection.4.2}{Online survey}{section.4}% 8
\BOOKMARK [3][-]{subsubsection.4.2.1}{Procedure}{subsection.4.2}% 9
\BOOKMARK [3][-]{subsubsection.4.2.2}{Recruitment}{subsection.4.2}% 10
\BOOKMARK [1][-]{section.5}{Results}{}% 11
\BOOKMARK [2][-]{subsection.5.1}{The Tor Project}{section.5}% 12
\BOOKMARK [3][-]{subsubsection.5.1.1}{Documentation and localization}{subsection.5.1}% 13
\BOOKMARK [3][-]{subsubsection.5.1.2}{Public perception}{subsection.5.1}% 14
\BOOKMARK [2][-]{subsection.5.2}{Tor Browser usage}{section.5}% 15
\BOOKMARK [3][-]{subsubsection.5.2.1}{Users enjoy a look ``under the hood''}{subsection.5.2}% 16
\BOOKMARK [3][-]{subsubsection.5.2.2}{Quantifying anonymity is hard}{subsection.5.2}% 17
\BOOKMARK [3][-]{subsubsection.5.2.3}{UI, speed, and CAPTCHAs remain frustrating}{subsection.5.2}% 18
\BOOKMARK [3][-]{subsubsection.5.2.4}{Empowerment through security and privacy}{subsection.5.2}% 19
\BOOKMARK [2][-]{subsection.5.3}{Onion service usage}{section.5}% 20
\BOOKMARK [3][-]{subsubsection.5.3.1}{Mental models are often patchy}{subsection.5.3}% 21
\BOOKMARK [3][-]{subsubsection.5.3.2}{Makeshift solutions ease onion service discovery}{subsection.5.3}% 22
\BOOKMARK [3][-]{subsubsection.5.3.3}{Onion domain management is problematic}{subsection.5.3}% 23
\BOOKMARK [3][-]{subsubsection.5.3.4}{Onion services have many use cases}{subsection.5.3}% 24
\BOOKMARK [3][-]{subsubsection.5.3.5}{Susceptibility to phishing attacks}{subsection.5.3}% 25
\BOOKMARK [3][-]{subsubsection.5.3.6}{Perceived security}{subsection.5.3}% 26
\BOOKMARK [1][-]{section.6}{Discussion}{}% 27
\BOOKMARK [2][-]{subsection.6.1}{Biases}{section.6}% 28
\BOOKMARK [2][-]{subsection.6.2}{Take-aways for Tor developers}{section.6}% 29
\BOOKMARK [2][-]{subsection.6.3}{Take-aways for Tor users}{section.6}% 30
\BOOKMARK [2][-]{subsection.6.4}{Take-aways for Tor researchers}{section.6}% 31
\BOOKMARK [1][-]{section.7}{Conclusion}{}% 32
\BOOKMARK [1][-]{appendix.A}{Pre-interview survey}{}% 33
\BOOKMARK [1][-]{appendix.B}{Interview questions}{}% 34
\BOOKMARK [1][-]{appendix.C}{Survey questions}{}% 35
\BOOKMARK [2][-]{subsection.C.1}{Demographic information}{appendix.C}% 36
\BOOKMARK [2][-]{subsection.C.2}{Tor usage}{appendix.C}% 37
\BOOKMARK [2][-]{subsection.C.3}{Onion site usage}{appendix.C}% 38
\BOOKMARK [2][-]{subsection.C.4}{Onion site operation}{appendix.C}% 39
\BOOKMARK [2][-]{subsection.C.5}{Onion site phishing and impersonation}{appendix.C}% 40
\BOOKMARK [2][-]{subsection.C.6}{Expectations of privacy}{appendix.C}% 41
\BOOKMARK [2][-]{subsection.C.7}{End of survey}{appendix.C}% 42
\BOOKMARK [1][-]{appendix.D}{Coding themes}{}% 43
